<?xml version="1.0" encoding="UTF-8"?>
<testsuite xmlns:xsi="http://www.w3.org/2001/XMLSchema-instance" xsi:noNamespaceSchemaLocation="https://maven.apache.org/surefire/maven-surefire-plugin/xsd/surefire-test-report-3.0.xsd" version="3.0" name="ProyectoCinePersistencia.dao.pelicula.PeliculaTest" time="0.045" tests="5" errors="0" skipped="0" failures="0">
  <properties>
    <property name="java.specification.version" value="21"/>
    <property name="sun.cpu.isalist" value="amd64"/>
    <property name="sun.jnu.encoding" value="Cp1252"/>
    <property name="java.class.path" value="C:\Users\frida\Documents\CineDOO\ProyectoCine\target\test-classes;C:\Users\frida\Documents\CineDOO\ProyectoCine\target\classes;C:\Users\frida\.m2\repository\mysql\mysql-connector-java\8.0.25\mysql-connector-java-8.0.25.jar;C:\Users\frida\.m2\repository\com\google\protobuf\protobuf-java\3.11.4\protobuf-java-3.11.4.jar;C:\Users\frida\.m2\repository\org\mybatis\mybatis\3.5.7\mybatis-3.5.7.jar;C:\Users\frida\.m2\repository\org\mybatis\generator\mybatis-generator-core\1.4.0\mybatis-generator-core-1.4.0.jar;C:\Users\frida\.m2\repository\javax\annotation\javax.annotation-api\1.3.2\javax.annotation-api-1.3.2.jar;C:\Users\frida\.m2\repository\junit\junit\4.13.2\junit-4.13.2.jar;C:\Users\frida\.m2\repository\org\hamcrest\hamcrest-core\1.3\hamcrest-core-1.3.jar;"/>
    <property name="java.vm.vendor" value="Oracle Corporation"/>
    <property name="sun.arch.data.model" value="64"/>
    <property name="user.variant" value=""/>
    <property name="java.vendor.url" value="https://java.oracle.com/"/>
    <property name="user.timezone" value="America/Mexico_City"/>
    <property name="os.name" value="Windows 11"/>
    <property name="java.vm.specification.version" value="21"/>
    <property name="user.country" value="MX"/>
    <property name="sun.java.launcher" value="SUN_STANDARD"/>
    <property name="sun.boot.library.path" value="C:\Program Files\Java\jdk-21\bin"/>
    <property name="sun.java.command" value="C:\Users\frida\AppData\Local\Temp\surefire5967744608602373706\surefirebooter17874426210943275027.jar C:\Users\frida\AppData\Local\Temp\surefire5967744608602373706 2024-05-29T14-27-07_283-jvmRun1 surefire16677233047348856948tmp surefire_017689625113967884400tmp"/>
    <property name="jdk.debug" value="release"/>
    <property name="surefire.test.class.path" value="C:\Users\frida\Documents\CineDOO\ProyectoCine\target\test-classes;C:\Users\frida\Documents\CineDOO\ProyectoCine\target\classes;C:\Users\frida\.m2\repository\mysql\mysql-connector-java\8.0.25\mysql-connector-java-8.0.25.jar;C:\Users\frida\.m2\repository\com\google\protobuf\protobuf-java\3.11.4\protobuf-java-3.11.4.jar;C:\Users\frida\.m2\repository\org\mybatis\mybatis\3.5.7\mybatis-3.5.7.jar;C:\Users\frida\.m2\repository\org\mybatis\generator\mybatis-generator-core\1.4.0\mybatis-generator-core-1.4.0.jar;C:\Users\frida\.m2\repository\javax\annotation\javax.annotation-api\1.3.2\javax.annotation-api-1.3.2.jar;C:\Users\frida\.m2\repository\junit\junit\4.13.2\junit-4.13.2.jar;C:\Users\frida\.m2\repository\org\hamcrest\hamcrest-core\1.3\hamcrest-core-1.3.jar;"/>
    <property name="sun.cpu.endian" value="little"/>
    <property name="user.home" value="C:\Users\frida"/>
    <property name="user.language" value="es"/>
    <property name="java.specification.vendor" value="Oracle Corporation"/>
    <property name="java.version.date" value="2023-10-17"/>
    <property name="java.home" value="C:\Program Files\Java\jdk-21"/>
    <property name="file.separator" value="\"/>
    <property name="basedir" value="C:\Users\frida\Documents\CineDOO\ProyectoCine"/>
    <property name="java.vm.compressedOopsMode" value="Zero based"/>
    <property name="line.separator" value="&#10;"/>
    <property name="java.vm.specification.vendor" value="Oracle Corporation"/>
    <property name="java.specification.name" value="Java Platform API Specification"/>
    <property name="surefire.real.class.path" value="C:\Users\frida\AppData\Local\Temp\surefire5967744608602373706\surefirebooter17874426210943275027.jar"/>
    <property name="user.script" value=""/>
    <property name="sun.management.compiler" value="HotSpot 64-Bit Tiered Compilers"/>
    <property name="java.runtime.version" value="21.0.1+12-LTS-29"/>
    <property name="user.name" value="frida"/>
    <property name="stdout.encoding" value="Cp1252"/>
    <property name="path.separator" value=";"/>
    <property name="os.version" value="10.0"/>
    <property name="java.runtime.name" value="Java(TM) SE Runtime Environment"/>
    <property name="file.encoding" value="UTF-8"/>
    <property name="java.vm.name" value="Java HotSpot(TM) 64-Bit Server VM"/>
    <property name="maven.ext.class.path" value="C:\Program Files\NetBeans-21\netbeans\java\maven-nblib\netbeans-eventspy.jar"/>
    <property name="localRepository" value="C:\Users\frida\.m2\repository"/>
    <property name="java.vendor.url.bug" value="https://bugreport.java.com/bugreport/"/>
    <property name="java.io.tmpdir" value="C:\Users\frida\AppData\Local\Temp\"/>
    <property name="java.version" value="21.0.1"/>
    <property name="user.dir" value="C:\Users\frida\Documents\CineDOO\ProyectoCine"/>
    <property name="os.arch" value="amd64"/>
    <property name="java.vm.specification.name" value="Java Virtual Machine Specification"/>
    <property name="sun.os.patch.level" value=""/>
    <property name="native.encoding" value="Cp1252"/>
    <property name="java.library.path" value="C:\Program Files\Java\jdk-21\bin;C:\WINDOWS\Sun\Java\bin;C:\WINDOWS\system32;C:\WINDOWS;C:\Users\frida\AppData\Local\Programs\Python\Python312\Scripts\;C:\Users\frida\AppData\Local\Programs\Python\Python312\;C:\Program Files\Common Files\Oracle\Java\javapath;C:\WINDOWS\system32;C:\WINDOWS;C:\WINDOWS\System32\Wbem;C:\WINDOWS\System32\WindowsPowerShell\v1.0\;C:\WINDOWS\System32\OpenSSH\;C:\PROGRA~2\Aldec\ACTIVE~1.2\BIN;C:\Program Files\Git\cmd;C:\ProgramData\chocolatey\bin;C:\Program Files\PuTTY\;C:\Program Files\Amazon\AWSCLIV2\;%NVM_HOME%;%NVM_SYMLINK%;C:\Program Files\nodejs\;C:\Users\frida\AppData\Local\Microsoft\WindowsApps;C:\Users\frida\AppData\Local\Programs\Microsoft VS Code\bin;C:\Users\frida\AppData\Local\GitHubDesktop\bin;C:\Program Files\Java\jdk-21\bin;C:\Users\frida\AppData\Roaming\nvm;C:\Program Files\nodejs;C:\Users\frida\AppData\Roaming\npm;."/>
    <property name="java.vm.info" value="mixed mode, sharing"/>
    <property name="stderr.encoding" value="Cp1252"/>
    <property name="java.vendor" value="Oracle Corporation"/>
    <property name="java.vm.version" value="21.0.1+12-LTS-29"/>
    <property name="sun.io.unicode.encoding" value="UnicodeLittle"/>
    <property name="java.class.version" value="65.0"/>
  </properties>
  <testcase name="testCrearPelicula" classname="ProyectoCinePersistencia.dao.pelicula.PeliculaTest" time="0.01">
    <system-out><![CDATA[Pelicula Creada: Pelicula{idPelicula=180, titulo='Test Pelicula', sinopsis='Test Sinopsis', duracion=120, fechaEstreno='2023-01-01', idCategoria=1}
]]></system-out>
  </testcase>
  <testcase name="testActualizarPelicula" classname="ProyectoCinePersistencia.dao.pelicula.PeliculaTest" time="0.008">
    <system-out><![CDATA[Actualizando Pelicula: Pelicula{idPelicula=181, titulo='Nuevo Titulo', sinopsis='Test Sinopsis', duracion=120, fechaEstreno='2023-01-01', idCategoria=1}
Pelicula Actualizada: Pelicula{idPelicula=181, titulo='Nuevo Titulo', sinopsis='Test Sinopsis', duracion=120, fechaEstreno='2023-01-01', idCategoria=1}
]]></system-out>
  </testcase>
  <testcase name="testEliminarPelicula" classname="ProyectoCinePersistencia.dao.pelicula.PeliculaTest" time="0.01">
    <system-out><![CDATA[Pelicula a Eliminar: Pelicula{idPelicula=182, titulo='Test Pelicula', sinopsis='Test Sinopsis', duracion=120, fechaEstreno='2023-01-01', idCategoria=1}
Lista de Peliculas después de Eliminar:
Pelicula{idPelicula=2, titulo='Risas y Lagrimas', sinopsis='A thriller that bends the mind', duracion=90, fechaEstreno='2024-05-15', idCategoria=2}
Pelicula{idPelicula=3, titulo='Misterios del Pasado', sinopsis='Un detective investiga un antiguo misterio en una pequeña ciudad.', duracion=110, fechaEstreno='2024-05-22', idCategoria=3}
Pelicula{idPelicula=4, titulo='Noche de Miedo', sinopsis='Un grupo de jóvenes lucha por sobrevivir en una noche llena de terror.', duracion=100, fechaEstreno='2024-05-29', idCategoria=4}
Pelicula{idPelicula=5, titulo='El Futuro es Hoy', sinopsis='Una visión futurista donde la tecnología domina cada aspecto de la vida.', duracion=130, fechaEstreno='2024-06-05', idCategoria=5}
Pelicula{idPelicula=6, titulo='Aventuras Animadas', sinopsis='Un divertido viaje animado lleno de risas y enseñanzas.', duracion=85, fechaEstreno='2024-06-12', idCategoria=6}
Pelicula{idPelicula=1, titulo='La Gran Aventura', sinopsis='Un grupo de amigos emprende una épica travesía para salvar su hogar.', duracion=120, fechaEstreno='2024-06-01', idCategoria=0}
]]></system-out>
  </testcase>
  <testcase name="testListarPeliculas" classname="ProyectoCinePersistencia.dao.pelicula.PeliculaTest" time="0.008">
    <system-out><![CDATA[Lista de Peliculas:
Pelicula{idPelicula=2, titulo='Risas y Lagrimas', sinopsis='A thriller that bends the mind', duracion=90, fechaEstreno='2024-05-15', idCategoria=2}
Pelicula{idPelicula=3, titulo='Misterios del Pasado', sinopsis='Un detective investiga un antiguo misterio en una pequeña ciudad.', duracion=110, fechaEstreno='2024-05-22', idCategoria=3}
Pelicula{idPelicula=4, titulo='Noche de Miedo', sinopsis='Un grupo de jóvenes lucha por sobrevivir en una noche llena de terror.', duracion=100, fechaEstreno='2024-05-29', idCategoria=4}
Pelicula{idPelicula=5, titulo='El Futuro es Hoy', sinopsis='Una visión futurista donde la tecnología domina cada aspecto de la vida.', duracion=130, fechaEstreno='2024-06-05', idCategoria=5}
Pelicula{idPelicula=6, titulo='Aventuras Animadas', sinopsis='Un divertido viaje animado lleno de risas y enseñanzas.', duracion=85, fechaEstreno='2024-06-12', idCategoria=6}
Pelicula{idPelicula=1, titulo='La Gran Aventura', sinopsis='Un grupo de amigos emprende una épica travesía para salvar su hogar.', duracion=120, fechaEstreno='2024-06-01', idCategoria=0}
Pelicula{idPelicula=183, titulo='Test Pelicula', sinopsis='Test Sinopsis', duracion=120, fechaEstreno='2023-01-01', idCategoria=1}
]]></system-out>
  </testcase>
  <testcase name="testBuscarPelicula" classname="ProyectoCinePersistencia.dao.pelicula.PeliculaTest" time="0.006">
    <system-out><![CDATA[Pelicula Encontrada: Pelicula{idPelicula=184, titulo='Test Pelicula', sinopsis='Test Sinopsis', duracion=120, fechaEstreno='2023-01-01', idCategoria=1}
]]></system-out>
  </testcase>
</testsuite>